AUTOCREATE
2015-07-23T16:28:46+02:00 : Document_Snippet used in /home/byng/Repos/pimcoredemo/website/views/layouts/standard.php at line 13
2015-07-23T16:28:49+02:00 : Document_Snippet used in /home/byng/Repos/pimcoredemo/website/views/layouts/standard.php at line 13
2015-07-23T16:31:19+02:00 : Document_Snippet used in /home/byng/Repos/pimcoredemo/website/views/layouts/standard.php at line 13
2015-07-24T10:15:28+02:00 : Document_Snippet used in /home/byng/Repos/pimcoredemo/website/views/layouts/standard.php at line 16
2015-07-24T11:31:55+02:00 : Document_Snippet used in /home/byng/Repos/pimcoredemo/website/views/layouts/standard.php at line 16
2015-07-24T13:21:33+02:00 : Object used in /home/byng/Repos/pimcoredemo/website/controllers/DefaultController.php at line 19
2015-07-24T13:28:40+02:00 : Object used in /home/byng/Repos/pimcoredemo/website/controllers/DefaultController.php at line 19
2015-07-24T13:28:40+02:00 : Document_Snippet used in /home/byng/Repos/pimcoredemo/website/views/layouts/standard.php at line 16
2015-07-24T13:28:42+02:00 : Object used in /home/byng/Repos/pimcoredemo/website/controllers/DefaultController.php at line 19
2015-07-24T13:28:42+02:00 : Document_Snippet used in /home/byng/Repos/pimcoredemo/website/views/layouts/standard.php at line 16
2015-07-24T13:29:13+02:00 : Object used in /home/byng/Repos/pimcoredemo/website/controllers/DefaultController.php at line 19
2015-07-24T13:29:13+02:00 : Document_Snippet used in /home/byng/Repos/pimcoredemo/website/views/layouts/standard.php at line 16
2015-07-24T14:58:42+02:00 : Document_Snippet used in /home/byng/Repos/pimcoredemo/website/views/layouts/standard.php at line 22
2015-07-24T14:58:54+02:00 : Document_Snippet used in /home/byng/Repos/pimcoredemo/website/views/layouts/standard.php at line 22
2015-07-24T14:59:43+02:00 : Document_Snippet used in /home/byng/Repos/pimcoredemo/website/views/layouts/standard.php at line 22
2015-07-24T14:59:45+02:00 : Document_Snippet used in /home/byng/Repos/pimcoredemo/website/views/layouts/standard.php at line 22
2015-07-24T14:59:54+02:00 : Document_Snippet used in /home/byng/Repos/pimcoredemo/website/views/layouts/standard.php at line 22
2015-07-24T15:24:41+02:00 : Document_Snippet used in /home/byng/Repos/pimcoredemo/website/views/layouts/standard.php at line 22
2015-07-24T15:25:34+02:00 : Document_Snippet used in /home/byng/Repos/pimcoredemo/website/views/layouts/standard.php at line 22
2015-07-24T15:26:15+02:00 : Document_Snippet used in /home/byng/Repos/pimcoredemo/website/views/layouts/standard.php at line 22
2015-07-24T15:26:29+02:00 : Document_Snippet used in /home/byng/Repos/pimcoredemo/website/views/layouts/standard.php at line 22
2015-07-24T15:26:35+02:00 : Document_Snippet used in /home/byng/Repos/pimcoredemo/website/views/layouts/standard.php at line 22
2015-07-24T15:26:56+02:00 : Document_Snippet used in /home/byng/Repos/pimcoredemo/website/views/layouts/standard.php at line 22
2015-07-24T15:27:08+02:00 : Document_Snippet used in /home/byng/Repos/pimcoredemo/website/views/layouts/standard.php at line 22
2015-07-24T15:28:08+02:00 : Document_Snippet used in /home/byng/Repos/pimcoredemo/website/views/layouts/standard.php at line 22
2015-07-24T15:38:47+02:00 : Document_Snippet used in /home/byng/Repos/pimcoredemo/website/views/layouts/standard.php at line 22
2015-07-24T15:43:19+02:00 : Document_Snippet used in /home/byng/Repos/pimcoredemo/website/views/layouts/standard.php at line 22
2015-07-24T15:43:27+02:00 : Document_Snippet used in /home/byng/Repos/pimcoredemo/website/views/layouts/standard.php at line 22
2015-07-24T15:44:01+02:00 : Document_Snippet used in /home/byng/Repos/pimcoredemo/website/views/layouts/standard.php at line 22
2015-07-24T15:44:09+02:00 : Document_Snippet used in /home/byng/Repos/pimcoredemo/website/views/layouts/standard.php at line 22
2015-07-24T15:44:30+02:00 : Document_Snippet used in /home/byng/Repos/pimcoredemo/website/views/layouts/standard.php at line 22
2015-07-24T15:44:44+02:00 : Document_Snippet used in /home/byng/Repos/pimcoredemo/website/views/layouts/standard.php at line 22
2015-07-24T15:44:53+02:00 : Document_Snippet used in /home/byng/Repos/pimcoredemo/website/views/layouts/standard.php at line 22
2015-07-24T15:45:01+02:00 : Document_Snippet used in /home/byng/Repos/pimcoredemo/website/views/layouts/standard.php at line 22
2015-07-24T15:45:08+02:00 : Document_Snippet used in /home/byng/Repos/pimcoredemo/website/views/layouts/standard.php at line 22
2015-07-24T15:45:16+02:00 : Document_Snippet used in /home/byng/Repos/pimcoredemo/website/views/layouts/standard.php at line 22
2015-07-24T15:45:26+02:00 : Document_Snippet used in /home/byng/Repos/pimcoredemo/website/views/layouts/standard.php at line 22
2015-07-24T15:45:37+02:00 : Document_Snippet used in /home/byng/Repos/pimcoredemo/website/views/layouts/standard.php at line 22
2015-07-24T15:45:46+02:00 : Document_Snippet used in /home/byng/Repos/pimcoredemo/website/views/layouts/standard.php at line 22
2015-07-24T15:45:54+02:00 : Document_Snippet used in /home/byng/Repos/pimcoredemo/website/views/layouts/standard.php at line 22
2015-07-24T15:46:01+02:00 : Document_Snippet used in /home/byng/Repos/pimcoredemo/website/views/layouts/standard.php at line 22
2015-07-24T15:46:21+02:00 : Document_Snippet used in /home/byng/Repos/pimcoredemo/website/views/layouts/standard.php at line 22
2015-07-24T15:46:32+02:00 : Document_Snippet used in /home/byng/Repos/pimcoredemo/website/views/layouts/standard.php at line 22
2015-07-24T15:52:27+02:00 : Document_Snippet used in /home/byng/Repos/pimcoredemo/website/views/layouts/standard.php at line 22
2015-07-24T15:55:36+02:00 : Document_Snippet used in /home/byng/Repos/pimcoredemo/website/views/layouts/standard.php at line 22
2015-07-24T16:07:05+02:00 : Document_Snippet used in /home/byng/Repos/pimcoredemo/website/views/layouts/standard.php at line 22
2015-07-24T16:07:15+02:00 : Document_Snippet used in /home/byng/Repos/pimcoredemo/website/views/layouts/standard.php at line 22
2015-07-24T16:09:12+02:00 : Document_Snippet used in /home/byng/Repos/pimcoredemo/website/views/layouts/standard.php at line 22
2015-07-24T16:09:25+02:00 : Document_Snippet used in /home/byng/Repos/pimcoredemo/website/views/layouts/standard.php at line 22
2015-07-24T16:09:30+02:00 : Document_Snippet used in /home/byng/Repos/pimcoredemo/website/views/layouts/standard.php at line 22
2015-07-24T16:11:30+02:00 : Document_Snippet used in /home/byng/Repos/pimcoredemo/website/views/layouts/standard.php at line 22
2015-07-24T16:12:00+02:00 : Document_Snippet used in /home/byng/Repos/pimcoredemo/website/views/layouts/standard.php at line 22
2015-07-24T16:12:09+02:00 : Document_Snippet used in /home/byng/Repos/pimcoredemo/website/views/layouts/standard.php at line 22
2015-07-24T16:14:15+02:00 : Document_Snippet used in /home/byng/Repos/pimcoredemo/website/views/layouts/standard.php at line 22
2015-07-24T16:17:00+02:00 : Document_Snippet used in /home/byng/Repos/pimcoredemo/website/views/layouts/standard.php at line 22
2015-07-24T17:12:12+02:00 : Document_Snippet used in /home/byng/Repos/pimcoredemo/website/views/layouts/standard.php at line 22
2015-07-24T17:18:29+02:00 : Document_Snippet used in /home/byng/Repos/pimcoredemo/website/views/layouts/standard.php at line 22
2015-07-24T17:18:40+02:00 : Document_Snippet used in /home/byng/Repos/pimcoredemo/website/views/layouts/standard.php at line 22
2015-07-24T17:40:02+02:00 : Document_Snippet used in /home/byng/Repos/pimcoredemo/website/views/layouts/standard.php at line 22
2015-07-24T17:43:16+02:00 : Document_Snippet used in /home/byng/Repos/pimcoredemo/website/views/layouts/standard.php at line 22
2015-07-24T17:56:44+02:00 : Document_Snippet used in /home/byng/Repos/pimcoredemo/website/views/layouts/standard.php at line 22
2015-07-24T18:07:43+02:00 : Document_Snippet used in /home/byng/Repos/pimcoredemo/website/views/layouts/standard.php at line 22
2015-07-24T18:08:05+02:00 : Document_Snippet used in /home/byng/Repos/pimcoredemo/website/views/layouts/standard.php at line 22
2015-07-24T18:13:46+02:00 : Document_Snippet used in /home/byng/Repos/pimcoredemo/website/views/layouts/standard.php at line 22
2015-07-24T18:15:58+02:00 : Document_Snippet used in /home/byng/Repos/pimcoredemo/website/views/layouts/standard.php at line 22
2015-07-24T18:17:29+02:00 : Document_Snippet used in /home/byng/Repos/pimcoredemo/website/views/layouts/standard.php at line 22
2015-07-24T18:17:36+02:00 : Document_Snippet used in /home/byng/Repos/pimcoredemo/website/views/layouts/standard.php at line 22
2015-07-24T18:17:48+02:00 : Document_Snippet used in /home/byng/Repos/pimcoredemo/website/views/layouts/standard.php at line 22
2015-07-24T18:20:29+02:00 : Document_Snippet used in /home/byng/Repos/pimcoredemo/website/views/layouts/standard.php at line 22
2015-07-24T18:20:30+02:00 : Object used in /home/byng/Repos/pimcoredemo/website/controllers/DefaultController.php at line 30
2015-07-24T18:20:33+02:00 : Document_Snippet used in /home/byng/Repos/pimcoredemo/website/views/layouts/standard.php at line 22
2015-07-24T18:20:39+02:00 : Object used in /home/byng/Repos/pimcoredemo/website/controllers/DefaultController.php at line 30
2015-07-24T18:27:46+02:00 : Document_Snippet used in /home/byng/Repos/pimcoredemo/website/views/layouts/standard.php at line 22
2015-07-24T18:30:04+02:00 : Document_Snippet used in /home/byng/Repos/pimcoredemo/website/views/layouts/standard.php at line 22
2015-07-24T18:30:33+02:00 : Document_Snippet used in /home/byng/Repos/pimcoredemo/website/views/layouts/standard.php at line 22
2015-07-24T18:31:07+02:00 : Document_Snippet used in /home/byng/Repos/pimcoredemo/website/views/layouts/standard.php at line 22
2015-07-27T10:18:43+02:00 : Document_Snippet used in /home/byng/Repos/pimcoredemo/website/views/layouts/standard.php at line 22
2015-07-27T10:18:48+02:00 : Document_Snippet used in /home/byng/Repos/pimcoredemo/website/views/layouts/standard.php at line 22
2015-07-27T10:46:12+02:00 : Document_Snippet used in /home/byng/Repos/pimcoredemo/website/views/layouts/standard.php at line 22
2015-07-27T10:48:44+02:00 : Document_Snippet used in /home/byng/Repos/pimcoredemo/website/views/layouts/layout.php at line 22
2015-07-27T10:48:51+02:00 : Object used in /home/byng/Repos/pimcoredemo/website/controllers/RenderletController.php at line 15
2015-07-27T10:48:51+02:00 : Document_Snippet used in /home/byng/Repos/pimcoredemo/website/views/layouts/layout.php at line 22
2015-07-27T10:48:54+02:00 : Document_Snippet used in /home/byng/Repos/pimcoredemo/website/views/layouts/layout.php at line 22
2015-07-27T10:52:12+02:00 : Document_Snippet used in /home/byng/Repos/pimcoredemo/website/views/layouts/layout.php at line 22
2015-07-27T10:52:12+02:00 : Object used in /home/byng/Repos/pimcoredemo/website/controllers/RenderletController.php at line 15
2015-07-27T10:52:12+02:00 : Document_Snippet used in /home/byng/Repos/pimcoredemo/website/views/layouts/layout.php at line 22
2015-07-27T10:57:02+02:00 : Document_Snippet used in /home/byng/Repos/pimcoredemo/website/views/layouts/layout.php at line 22
2015-07-27T11:19:04+02:00 : Document_Snippet used in /home/byng/Repos/pimcoredemo/website/views/layouts/layout.php at line 22
2015-07-27T11:19:05+02:00 : Object used in /home/byng/Repos/pimcoredemo/website/controllers/RenderletController.php at line 15
2015-07-27T11:19:05+02:00 : Document_Snippet used in /home/byng/Repos/pimcoredemo/website/views/layouts/layout.php at line 22
2015-07-27T11:19:19+02:00 : Object used in /home/byng/Repos/pimcoredemo/website/controllers/RenderletController.php at line 15
2015-07-27T11:19:19+02:00 : Document_Snippet used in /home/byng/Repos/pimcoredemo/website/views/layouts/layout.php at line 22
2015-07-27T11:19:26+02:00 : Object used in /home/byng/Repos/pimcoredemo/website/controllers/RenderletController.php at line 15
2015-07-27T11:19:26+02:00 : Document_Snippet used in /home/byng/Repos/pimcoredemo/website/views/layouts/layout.php at line 22
2015-07-27T11:27:02+02:00 : Document_Snippet used in /home/byng/Repos/pimcoredemo/website/views/layouts/layout.php at line 22
2015-07-27T11:27:02+02:00 : Object used in /home/byng/Repos/pimcoredemo/website/controllers/RenderletController.php at line 15
2015-07-27T11:27:02+02:00 : Document_Snippet used in /home/byng/Repos/pimcoredemo/website/views/layouts/layout.php at line 22
2015-07-27T11:28:58+02:00 : Document_Snippet used in /home/byng/Repos/pimcoredemo/website/views/layouts/layout.php at line 22
2015-07-27T11:28:58+02:00 : Object used in /home/byng/Repos/pimcoredemo/website/controllers/RenderletController.php at line 15
2015-07-27T11:28:58+02:00 : Document_Snippet used in /home/byng/Repos/pimcoredemo/website/views/layouts/layout.php at line 22
2015-07-27T11:29:33+02:00 : Document_Snippet used in /home/byng/Repos/pimcoredemo/website/views/layouts/layout.php at line 22
2015-07-27T11:29:33+02:00 : Object used in /home/byng/Repos/pimcoredemo/website/controllers/RenderletController.php at line 15
2015-07-27T11:29:33+02:00 : Document_Snippet used in /home/byng/Repos/pimcoredemo/website/views/layouts/layout.php at line 22
2015-07-27T11:29:52+02:00 : Document_Snippet used in /home/byng/Repos/pimcoredemo/website/views/layouts/layout.php at line 22
2015-07-27T11:29:52+02:00 : Object used in /home/byng/Repos/pimcoredemo/website/controllers/RenderletController.php at line 15
2015-07-27T11:29:52+02:00 : Document_Snippet used in /home/byng/Repos/pimcoredemo/website/views/layouts/layout.php at line 22
2015-07-27T11:30:23+02:00 : Document_Snippet used in /home/byng/Repos/pimcoredemo/website/views/layouts/layout.php at line 22
2015-07-27T11:30:23+02:00 : Object used in /home/byng/Repos/pimcoredemo/website/controllers/RenderletController.php at line 15
2015-07-27T11:30:23+02:00 : Document_Snippet used in /home/byng/Repos/pimcoredemo/website/views/layouts/layout.php at line 22
2015-07-27T11:32:59+02:00 : Object used in /home/byng/Repos/pimcoredemo/website/controllers/RenderletController.php at line 15
2015-07-27T11:32:59+02:00 : Document_Snippet used in /home/byng/Repos/pimcoredemo/website/views/layouts/layout.php at line 22
2015-07-27T11:33:03+02:00 : Object used in /home/byng/Repos/pimcoredemo/website/controllers/RenderletController.php at line 15
2015-07-27T11:33:03+02:00 : Document_Snippet used in /home/byng/Repos/pimcoredemo/website/views/layouts/layout.php at line 22
2015-07-27T11:34:30+02:00 : Document_Snippet used in /home/byng/Repos/pimcoredemo/website/views/layouts/layout.php at line 22
2015-07-27T11:34:31+02:00 : Object used in /home/byng/Repos/pimcoredemo/website/controllers/RenderletController.php at line 15
2015-07-27T11:34:31+02:00 : Document_Snippet used in /home/byng/Repos/pimcoredemo/website/views/layouts/layout.php at line 22
2015-07-27T11:34:34+02:00 : Document_Snippet used in /home/byng/Repos/pimcoredemo/website/views/layouts/layout.php at line 22
2015-07-27T11:34:34+02:00 : Object used in /home/byng/Repos/pimcoredemo/website/controllers/RenderletController.php at line 15
2015-07-27T11:34:34+02:00 : Document_Snippet used in /home/byng/Repos/pimcoredemo/website/views/layouts/layout.php at line 22
2015-07-27T11:34:36+02:00 : Document_Snippet used in /home/byng/Repos/pimcoredemo/website/views/layouts/layout.php at line 22
2015-07-27T11:34:36+02:00 : Object used in /home/byng/Repos/pimcoredemo/website/controllers/RenderletController.php at line 15
2015-07-27T11:34:36+02:00 : Document_Snippet used in /home/byng/Repos/pimcoredemo/website/views/layouts/layout.php at line 22
2015-07-27T12:07:52+02:00 : Document_Snippet used in /home/byng/Repos/pimcoredemo/website/views/layouts/layout.php at line 22
2015-07-27T12:07:53+02:00 : Object used in /home/byng/Repos/pimcoredemo/website/controllers/RenderletController.php at line 15
2015-07-27T12:07:53+02:00 : Document_Snippet used in /home/byng/Repos/pimcoredemo/website/views/layouts/layout.php at line 22
2015-07-31T13:58:59+02:00 : Document_Snippet used in /home/byng/Repos/pimcoredemo/website/views/layouts/layout.php at line 22
2015-07-31T13:59:19+02:00 : Document_Snippet used in /home/byng/Repos/pimcoredemo/website/views/layouts/layout.php at line 22
2015-07-31T13:59:46+02:00 : Document_Snippet used in /home/byng/Repos/pimcoredemo/website/views/layouts/layout.php at line 22
2015-07-31T13:59:47+02:00 : Object used in /home/byng/Repos/pimcoredemo/website/controllers/RenderletController.php at line 15
2015-07-31T13:59:47+02:00 : Document_Snippet used in /home/byng/Repos/pimcoredemo/website/views/layouts/layout.php at line 22
