AUTOCREATE
2015-07-23T12:37:47+02:00 : Document_Tag_Translate used in /home/byng/Repos/pimcoredemo/pimcore/lib/Pimcore/Tool.php at line 607
2015-07-23T12:38:01+02:00 : Document_Tag_Translate used in /home/byng/Repos/pimcoredemo/pimcore/lib/Pimcore/Tool.php at line 607
2015-07-23T12:38:20+02:00 : Document_Tag_Translate used in /home/byng/Repos/pimcoredemo/pimcore/lib/Pimcore/Tool.php at line 607
2015-07-23T12:42:30+02:00 : Document_Tag_Translate used in /home/byng/Repos/pimcoredemo/pimcore/lib/Pimcore/Tool.php at line 607
2015-07-23T12:42:30+02:00 : Document_Tag_Translate used in /home/byng/Repos/pimcoredemo/pimcore/lib/Pimcore/Tool.php at line 607
2015-07-23T13:02:48+02:00 : Document_Tag_Translate used in /home/byng/Repos/pimcoredemo/pimcore/lib/Pimcore/Tool.php at line 607
2015-07-23T13:02:49+02:00 : Document_Tag_Translate used in /home/byng/Repos/pimcoredemo/pimcore/lib/Pimcore/Tool.php at line 607
2015-07-23T13:45:03+02:00 : Document_Tag_Translate used in /home/byng/Repos/pimcoredemo/pimcore/lib/Pimcore/Tool.php at line 607
2015-07-23T13:45:03+02:00 : Document_Tag_Translate used in /home/byng/Repos/pimcoredemo/pimcore/lib/Pimcore/Tool.php at line 607
2015-07-23T14:36:44+02:00 : Document_Tag_Translate used in /home/byng/Repos/pimcoredemo/pimcore/lib/Pimcore/Tool.php at line 607
2015-07-23T14:36:45+02:00 : Document_Tag_Translate used in /home/byng/Repos/pimcoredemo/pimcore/lib/Pimcore/Tool.php at line 607
2015-07-23T14:40:10+02:00 : Document_Tag_Layout used in /home/byng/Repos/pimcoredemo/pimcore/lib/Pimcore/Tool.php at line 607
2015-07-23T14:40:36+02:00 : Document_Tag_Layout used in /home/byng/Repos/pimcoredemo/pimcore/lib/Pimcore/Tool.php at line 607
2015-07-23T14:40:42+02:00 : Document_Tag_Layout used in /home/byng/Repos/pimcoredemo/pimcore/lib/Pimcore/Tool.php at line 607
2015-07-23T14:40:49+02:00 : Document_Tag_Layout used in /home/byng/Repos/pimcoredemo/pimcore/lib/Pimcore/Tool.php at line 607
2015-07-23T14:41:04+02:00 : Document_Tag_Layout used in /home/byng/Repos/pimcoredemo/pimcore/lib/Pimcore/Tool.php at line 607
2015-07-23T14:41:10+02:00 : Document_Tag_Layout used in /home/byng/Repos/pimcoredemo/pimcore/lib/Pimcore/Tool.php at line 607
2015-07-23T14:41:11+02:00 : Document_Tag_Layout used in /home/byng/Repos/pimcoredemo/pimcore/lib/Pimcore/Tool.php at line 607
2015-07-23T14:41:12+02:00 : Document_Tag_Layout used in /home/byng/Repos/pimcoredemo/pimcore/lib/Pimcore/Tool.php at line 607
2015-07-23T14:41:13+02:00 : Document_Tag_Layout used in /home/byng/Repos/pimcoredemo/pimcore/lib/Pimcore/Tool.php at line 607
2015-07-23T14:41:14+02:00 : Document_Tag_Layout used in /home/byng/Repos/pimcoredemo/pimcore/lib/Pimcore/Tool.php at line 607
2015-07-23T14:41:24+02:00 : Document_Tag_Layout used in /home/byng/Repos/pimcoredemo/pimcore/lib/Pimcore/Tool.php at line 607
2015-07-23T14:41:31+02:00 : Document_Tag_Layout used in /home/byng/Repos/pimcoredemo/pimcore/lib/Pimcore/Tool.php at line 607
2015-07-23T15:01:40+02:00 : Document_Tag_Layout used in /home/byng/Repos/pimcoredemo/pimcore/lib/Pimcore/Tool.php at line 607
2015-07-23T15:02:11+02:00 : Document_Tag_Layout used in /home/byng/Repos/pimcoredemo/pimcore/lib/Pimcore/Tool.php at line 607
2015-07-23T15:02:13+02:00 : Document_Tag_Layout used in /home/byng/Repos/pimcoredemo/pimcore/lib/Pimcore/Tool.php at line 607
2015-07-23T15:02:15+02:00 : Document_Tag_Layout used in /home/byng/Repos/pimcoredemo/pimcore/lib/Pimcore/Tool.php at line 607
2015-07-23T15:16:14+02:00 : Document_Tag_Layout used in /home/byng/Repos/pimcoredemo/pimcore/lib/Pimcore/Tool.php at line 607
2015-07-23T15:16:27+02:00 : Document_Tag_Layout used in /home/byng/Repos/pimcoredemo/pimcore/lib/Pimcore/Tool.php at line 607
2015-07-23T15:16:27+02:00 : Document_Tag_Formcheckbox used in /home/byng/Repos/pimcoredemo/pimcore/lib/Pimcore/Tool.php at line 607
2015-07-23T15:16:27+02:00 : Document_Tag_Doctype used in /home/byng/Repos/pimcoredemo/pimcore/lib/Pimcore/Tool.php at line 607
2015-07-23T15:19:55+02:00 : Document_Tag_Layout used in /home/byng/Repos/pimcoredemo/pimcore/lib/Pimcore/Tool.php at line 607
2015-07-23T15:19:55+02:00 : Document_Tag_Formradio used in /home/byng/Repos/pimcoredemo/pimcore/lib/Pimcore/Tool.php at line 607
2015-07-23T15:19:55+02:00 : Document_Tag_Doctype used in /home/byng/Repos/pimcoredemo/pimcore/lib/Pimcore/Tool.php at line 607
2015-07-23T15:30:00+02:00 : Document_Tag_Layout used in /home/byng/Repos/pimcoredemo/pimcore/lib/Pimcore/Tool.php at line 607
2015-07-23T15:30:00+02:00 : Document_Tag_Formradio used in /home/byng/Repos/pimcoredemo/pimcore/lib/Pimcore/Tool.php at line 607
2015-07-23T15:30:00+02:00 : Document_Tag_Doctype used in /home/byng/Repos/pimcoredemo/pimcore/lib/Pimcore/Tool.php at line 607
2015-07-23T15:30:38+02:00 : Document_Tag_Layout used in /home/byng/Repos/pimcoredemo/pimcore/lib/Pimcore/Tool.php at line 607
2015-07-23T15:30:38+02:00 : Document_Tag_Formradio used in /home/byng/Repos/pimcoredemo/pimcore/lib/Pimcore/Tool.php at line 607
2015-07-23T15:30:38+02:00 : Document_Tag_Doctype used in /home/byng/Repos/pimcoredemo/pimcore/lib/Pimcore/Tool.php at line 607
2015-07-23T15:30:54+02:00 : Document_Tag_Layout used in /home/byng/Repos/pimcoredemo/pimcore/lib/Pimcore/Tool.php at line 607
2015-07-23T15:30:54+02:00 : Document_Tag_Formradio used in /home/byng/Repos/pimcoredemo/pimcore/lib/Pimcore/Tool.php at line 607
2015-07-23T15:30:54+02:00 : Document_Tag_Doctype used in /home/byng/Repos/pimcoredemo/pimcore/lib/Pimcore/Tool.php at line 607
2015-07-23T15:30:56+02:00 : Document_Tag_Translate used in /home/byng/Repos/pimcoredemo/pimcore/lib/Pimcore/Tool.php at line 607
2015-07-23T15:30:56+02:00 : Document_Tag_Translate used in /home/byng/Repos/pimcoredemo/pimcore/lib/Pimcore/Tool.php at line 607
2015-07-23T15:30:57+02:00 : Document_Tag_Layout used in /home/byng/Repos/pimcoredemo/pimcore/lib/Pimcore/Tool.php at line 607
2015-07-23T15:30:57+02:00 : Document_Tag_Formradio used in /home/byng/Repos/pimcoredemo/pimcore/lib/Pimcore/Tool.php at line 607
2015-07-23T15:30:57+02:00 : Document_Tag_Doctype used in /home/byng/Repos/pimcoredemo/pimcore/lib/Pimcore/Tool.php at line 607
2015-07-23T15:31:45+02:00 : Document_Tag_Layout used in /home/byng/Repos/pimcoredemo/pimcore/lib/Pimcore/Tool.php at line 607
2015-07-23T15:31:45+02:00 : Document_Tag_Formradio used in /home/byng/Repos/pimcoredemo/pimcore/lib/Pimcore/Tool.php at line 607
2015-07-23T15:31:45+02:00 : Document_Tag_Doctype used in /home/byng/Repos/pimcoredemo/pimcore/lib/Pimcore/Tool.php at line 607
2015-07-23T15:31:56+02:00 : Document_Tag_Layout used in /home/byng/Repos/pimcoredemo/pimcore/lib/Pimcore/Tool.php at line 607
2015-07-23T15:31:56+02:00 : Document_Tag_Formradio used in /home/byng/Repos/pimcoredemo/pimcore/lib/Pimcore/Tool.php at line 607
2015-07-23T15:31:56+02:00 : Document_Tag_Doctype used in /home/byng/Repos/pimcoredemo/pimcore/lib/Pimcore/Tool.php at line 607
2015-07-23T15:31:56+02:00 : Document_Tag_Translate used in /home/byng/Repos/pimcoredemo/pimcore/lib/Pimcore/Tool.php at line 607
2015-07-23T15:31:57+02:00 : Document_Tag_Translate used in /home/byng/Repos/pimcoredemo/pimcore/lib/Pimcore/Tool.php at line 607
2015-07-23T15:31:58+02:00 : Document_Tag_Layout used in /home/byng/Repos/pimcoredemo/pimcore/lib/Pimcore/Tool.php at line 607
2015-07-23T15:31:58+02:00 : Document_Tag_Formradio used in /home/byng/Repos/pimcoredemo/pimcore/lib/Pimcore/Tool.php at line 607
2015-07-23T15:31:58+02:00 : Document_Tag_Doctype used in /home/byng/Repos/pimcoredemo/pimcore/lib/Pimcore/Tool.php at line 607
2015-07-23T15:32:19+02:00 : Document_Tag_Layout used in /home/byng/Repos/pimcoredemo/pimcore/lib/Pimcore/Tool.php at line 607
2015-07-23T15:32:19+02:00 : Document_Tag_Formradio used in /home/byng/Repos/pimcoredemo/pimcore/lib/Pimcore/Tool.php at line 607
2015-07-23T15:32:19+02:00 : Document_Tag_Doctype used in /home/byng/Repos/pimcoredemo/pimcore/lib/Pimcore/Tool.php at line 607
2015-07-23T15:55:07+02:00 : Document_Tag_Layout used in /home/byng/Repos/pimcoredemo/pimcore/lib/Pimcore/Tool.php at line 607
2015-07-23T15:57:27+02:00 : Document_Tag_Layout used in /home/byng/Repos/pimcoredemo/pimcore/lib/Pimcore/Tool.php at line 607
2015-07-23T15:57:31+02:00 : Document_Tag_Layout used in /home/byng/Repos/pimcoredemo/pimcore/lib/Pimcore/Tool.php at line 607
2015-07-23T15:57:38+02:00 : Document_Tag_Layout used in /home/byng/Repos/pimcoredemo/pimcore/lib/Pimcore/Tool.php at line 607
2015-07-23T15:57:40+02:00 : Document_Tag_Layout used in /home/byng/Repos/pimcoredemo/pimcore/lib/Pimcore/Tool.php at line 607
2015-07-23T15:57:44+02:00 : Document_Tag_Layout used in /home/byng/Repos/pimcoredemo/pimcore/lib/Pimcore/Tool.php at line 607
2015-07-23T15:57:56+02:00 : Document_Tag_Layout used in /home/byng/Repos/pimcoredemo/pimcore/lib/Pimcore/Tool.php at line 607
2015-07-23T15:58:20+02:00 : Document_Tag_Layout used in /home/byng/Repos/pimcoredemo/pimcore/lib/Pimcore/Tool.php at line 607
2015-07-23T15:58:46+02:00 : Document_Tag_Layout used in /home/byng/Repos/pimcoredemo/pimcore/lib/Pimcore/Tool.php at line 607
2015-07-23T15:58:49+02:00 : Document_Tag_Layout used in /home/byng/Repos/pimcoredemo/pimcore/lib/Pimcore/Tool.php at line 607
2015-07-23T15:59:56+02:00 : Document_Tag_Layout used in /home/byng/Repos/pimcoredemo/pimcore/lib/Pimcore/Tool.php at line 607
2015-07-23T16:28:46+02:00 : Document_Tag_Layout used in /home/byng/Repos/pimcoredemo/pimcore/lib/Pimcore/Tool.php at line 607
2015-07-23T16:28:49+02:00 : Document_Tag_Layout used in /home/byng/Repos/pimcoredemo/pimcore/lib/Pimcore/Tool.php at line 607
2015-07-23T16:31:19+02:00 : Document_Tag_Layout used in /home/byng/Repos/pimcoredemo/pimcore/lib/Pimcore/Tool.php at line 607
2015-07-23T16:35:37+02:00 : Document_Tag_Layout used in /home/byng/Repos/pimcoredemo/pimcore/lib/Pimcore/Tool.php at line 607
2015-07-23T16:36:23+02:00 : Document_Tag_Layout used in /home/byng/Repos/pimcoredemo/pimcore/lib/Pimcore/Tool.php at line 607
2015-07-23T16:39:07+02:00 : Document_Tag_Layout used in /home/byng/Repos/pimcoredemo/pimcore/lib/Pimcore/Tool.php at line 607
2015-07-23T16:39:32+02:00 : Document_Tag_Layout used in /home/byng/Repos/pimcoredemo/pimcore/lib/Pimcore/Tool.php at line 607
2015-07-23T16:44:12+02:00 : Document_Tag_Layout used in /home/byng/Repos/pimcoredemo/pimcore/lib/Pimcore/Tool.php at line 607
2015-07-23T16:44:17+02:00 : Document_Tag_Layout used in /home/byng/Repos/pimcoredemo/pimcore/lib/Pimcore/Tool.php at line 607
2015-07-23T16:45:19+02:00 : Document_Tag_Layout used in /home/byng/Repos/pimcoredemo/pimcore/lib/Pimcore/Tool.php at line 607
2015-07-23T16:45:40+02:00 : Document_Tag_Layout used in /home/byng/Repos/pimcoredemo/pimcore/lib/Pimcore/Tool.php at line 607
2015-07-23T16:46:19+02:00 : Document_Tag_Layout used in /home/byng/Repos/pimcoredemo/pimcore/lib/Pimcore/Tool.php at line 607
2015-07-23T16:47:03+02:00 : Document_Tag_Layout used in /home/byng/Repos/pimcoredemo/pimcore/lib/Pimcore/Tool.php at line 607
2015-07-23T16:50:14+02:00 : Document_Tag_Layout used in /home/byng/Repos/pimcoredemo/pimcore/lib/Pimcore/Tool.php at line 607
2015-07-23T16:50:39+02:00 : Document_Tag_Layout used in /home/byng/Repos/pimcoredemo/pimcore/lib/Pimcore/Tool.php at line 607
2015-07-23T16:51:26+02:00 : Document_Tag_Layout used in /home/byng/Repos/pimcoredemo/pimcore/lib/Pimcore/Tool.php at line 607
2015-07-23T16:51:30+02:00 : Document_Tag_Layout used in /home/byng/Repos/pimcoredemo/pimcore/lib/Pimcore/Tool.php at line 607
2015-07-23T16:51:44+02:00 : Document_Tag_Layout used in /home/byng/Repos/pimcoredemo/pimcore/lib/Pimcore/Tool.php at line 607
2015-07-23T16:53:16+02:00 : Document_Tag_Layout used in /home/byng/Repos/pimcoredemo/pimcore/lib/Pimcore/Tool.php at line 607
2015-07-23T16:53:32+02:00 : Document_Tag_Layout used in /home/byng/Repos/pimcoredemo/pimcore/lib/Pimcore/Tool.php at line 607
2015-07-23T16:53:54+02:00 : Document_Tag_Layout used in /home/byng/Repos/pimcoredemo/pimcore/lib/Pimcore/Tool.php at line 607
2015-07-23T16:54:09+02:00 : Document_Tag_Layout used in /home/byng/Repos/pimcoredemo/pimcore/lib/Pimcore/Tool.php at line 607
2015-07-23T16:57:18+02:00 : Document_Tag_Layout used in /home/byng/Repos/pimcoredemo/pimcore/lib/Pimcore/Tool.php at line 607
2015-07-23T16:57:55+02:00 : Document_Tag_Layout used in /home/byng/Repos/pimcoredemo/pimcore/lib/Pimcore/Tool.php at line 607
2015-07-23T16:57:57+02:00 : Document_Tag_Layout used in /home/byng/Repos/pimcoredemo/pimcore/lib/Pimcore/Tool.php at line 607
2015-07-23T16:59:07+02:00 : Document_Tag_Layout used in /home/byng/Repos/pimcoredemo/pimcore/lib/Pimcore/Tool.php at line 607
2015-07-23T16:59:09+02:00 : Document_Tag_Layout used in /home/byng/Repos/pimcoredemo/pimcore/lib/Pimcore/Tool.php at line 607
2015-07-23T17:02:19+02:00 : Document_Tag_Layout used in /home/byng/Repos/pimcoredemo/pimcore/lib/Pimcore/Tool.php at line 607
2015-07-23T17:03:15+02:00 : Document_Tag_Layout used in /home/byng/Repos/pimcoredemo/pimcore/lib/Pimcore/Tool.php at line 607
2015-07-23T17:06:38+02:00 : Document_Tag_Layout used in /home/byng/Repos/pimcoredemo/pimcore/lib/Pimcore/Tool.php at line 607
2015-07-23T17:06:44+02:00 : Document_Tag_Layout used in /home/byng/Repos/pimcoredemo/pimcore/lib/Pimcore/Tool.php at line 607
2015-07-23T17:07:00+02:00 : Document_Tag_Layout used in /home/byng/Repos/pimcoredemo/pimcore/lib/Pimcore/Tool.php at line 607
2015-07-23T17:07:46+02:00 : Document_Tag_Layout used in /home/byng/Repos/pimcoredemo/pimcore/lib/Pimcore/Tool.php at line 607
2015-07-23T17:09:42+02:00 : Document_Tag_Layout used in /home/byng/Repos/pimcoredemo/pimcore/lib/Pimcore/Tool.php at line 607
2015-07-23T17:10:40+02:00 : Document_Tag_Layout used in /home/byng/Repos/pimcoredemo/pimcore/lib/Pimcore/Tool.php at line 607
2015-07-23T17:12:50+02:00 : Document_Tag_Layout used in /home/byng/Repos/pimcoredemo/pimcore/lib/Pimcore/Tool.php at line 607
2015-07-23T17:13:22+02:00 : Document_Tag_Layout used in /home/byng/Repos/pimcoredemo/pimcore/lib/Pimcore/Tool.php at line 607
2015-07-23T17:13:24+02:00 : Document_Tag_Layout used in /home/byng/Repos/pimcoredemo/pimcore/lib/Pimcore/Tool.php at line 607
2015-07-23T17:13:33+02:00 : Document_Tag_Layout used in /home/byng/Repos/pimcoredemo/pimcore/lib/Pimcore/Tool.php at line 607
2015-07-23T17:13:59+02:00 : Document_Tag_Layout used in /home/byng/Repos/pimcoredemo/pimcore/lib/Pimcore/Tool.php at line 607
2015-07-23T17:14:02+02:00 : Document_Tag_Layout used in /home/byng/Repos/pimcoredemo/pimcore/lib/Pimcore/Tool.php at line 607
2015-07-23T17:24:27+02:00 : Document_Tag_Layout used in /home/byng/Repos/pimcoredemo/pimcore/lib/Pimcore/Tool.php at line 607
2015-07-23T17:25:26+02:00 : Document_Tag_Layout used in /home/byng/Repos/pimcoredemo/pimcore/lib/Pimcore/Tool.php at line 607
2015-07-23T17:25:30+02:00 : Document_Tag_Layout used in /home/byng/Repos/pimcoredemo/pimcore/lib/Pimcore/Tool.php at line 607
2015-07-23T17:30:14+02:00 : Document_Tag_Layout used in /home/byng/Repos/pimcoredemo/pimcore/lib/Pimcore/Tool.php at line 607
2015-07-23T17:31:00+02:00 : Document_Tag_Layout used in /home/byng/Repos/pimcoredemo/pimcore/lib/Pimcore/Tool.php at line 607
2015-07-23T17:34:06+02:00 : Document_Tag_Layout used in /home/byng/Repos/pimcoredemo/pimcore/lib/Pimcore/Tool.php at line 607
2015-07-23T17:34:24+02:00 : Document_Tag_Layout used in /home/byng/Repos/pimcoredemo/pimcore/lib/Pimcore/Tool.php at line 607
2015-07-23T17:35:21+02:00 : Document_Tag_Layout used in /home/byng/Repos/pimcoredemo/pimcore/lib/Pimcore/Tool.php at line 607
2015-07-23T17:35:23+02:00 : Document_Tag_Layout used in /home/byng/Repos/pimcoredemo/pimcore/lib/Pimcore/Tool.php at line 607
2015-07-23T17:35:28+02:00 : Document_Tag_Layout used in /home/byng/Repos/pimcoredemo/pimcore/lib/Pimcore/Tool.php at line 607
2015-07-23T17:36:35+02:00 : Document_Tag_Layout used in /home/byng/Repos/pimcoredemo/pimcore/lib/Pimcore/Tool.php at line 607
2015-07-23T17:36:37+02:00 : Document_Tag_Layout used in /home/byng/Repos/pimcoredemo/pimcore/lib/Pimcore/Tool.php at line 607
2015-07-23T17:36:50+02:00 : Document_Tag_Layout used in /home/byng/Repos/pimcoredemo/pimcore/lib/Pimcore/Tool.php at line 607
2015-07-23T17:37:09+02:00 : Document_Tag_Layout used in /home/byng/Repos/pimcoredemo/pimcore/lib/Pimcore/Tool.php at line 607
2015-07-23T17:37:29+02:00 : Document_Tag_Layout used in /home/byng/Repos/pimcoredemo/pimcore/lib/Pimcore/Tool.php at line 607
2015-07-23T17:48:54+02:00 : Document_Tag_Layout used in /home/byng/Repos/pimcoredemo/pimcore/lib/Pimcore/Tool.php at line 607
2015-07-23T17:50:22+02:00 : Document_Tag_Layout used in /home/byng/Repos/pimcoredemo/pimcore/lib/Pimcore/Tool.php at line 607
2015-07-23T17:50:41+02:00 : Document_Tag_Layout used in /home/byng/Repos/pimcoredemo/pimcore/lib/Pimcore/Tool.php at line 607
2015-07-23T18:00:12+02:00 : Document_Tag_Layout used in /home/byng/Repos/pimcoredemo/pimcore/lib/Pimcore/Tool.php at line 607
2015-07-23T18:32:31+02:00 : Document_Tag_Layout used in /home/byng/Repos/pimcoredemo/pimcore/lib/Pimcore/Tool.php at line 607
2015-07-23T18:33:14+02:00 : Document_Tag_Layout used in /home/byng/Repos/pimcoredemo/pimcore/lib/Pimcore/Tool.php at line 607
2015-07-23T18:40:20+02:00 : Document_Tag_Layout used in /home/byng/Repos/pimcoredemo/pimcore/lib/Pimcore/Tool.php at line 607
2015-07-23T18:40:55+02:00 : Document_Tag_Layout used in /home/byng/Repos/pimcoredemo/pimcore/lib/Pimcore/Tool.php at line 607
2015-07-23T18:42:28+02:00 : Document_Tag_Layout used in /home/byng/Repos/pimcoredemo/pimcore/lib/Pimcore/Tool.php at line 607
2015-07-23T18:43:27+02:00 : Document_Tag_Layout used in /home/byng/Repos/pimcoredemo/pimcore/lib/Pimcore/Tool.php at line 607
2015-07-24T10:09:56+02:00 : Document_Tag_Translate used in /home/byng/Repos/pimcoredemo/pimcore/lib/Pimcore/Tool.php at line 607
2015-07-24T10:10:02+02:00 : Document_Tag_Translate used in /home/byng/Repos/pimcoredemo/pimcore/lib/Pimcore/Tool.php at line 607
2015-07-24T10:10:05+02:00 : Document_Tag_Translate used in /home/byng/Repos/pimcoredemo/pimcore/lib/Pimcore/Tool.php at line 607
2015-07-24T10:15:28+02:00 : Document_Tag_Layout used in /home/byng/Repos/pimcoredemo/pimcore/lib/Pimcore/Tool.php at line 607
2015-07-24T10:19:22+02:00 : Document_Tag_Translate used in /home/byng/Repos/pimcoredemo/pimcore/lib/Pimcore/Tool.php at line 607
2015-07-24T10:20:23+02:00 : Document_Tag_Translate used in /home/byng/Repos/pimcoredemo/pimcore/lib/Pimcore/Tool.php at line 607
2015-07-24T10:24:20+02:00 : Document_Tag_Translate used in /home/byng/Repos/pimcoredemo/pimcore/lib/Pimcore/Tool.php at line 607
2015-07-24T10:29:06+02:00 : Document_Tag_Translate used in /home/byng/Repos/pimcoredemo/pimcore/lib/Pimcore/Tool.php at line 607
2015-07-24T10:49:16+02:00 : Document_Tag_Translate used in /home/byng/Repos/pimcoredemo/pimcore/lib/Pimcore/Tool.php at line 607
2015-07-24T10:54:53+02:00 : Document_Tag_Translate used in /home/byng/Repos/pimcoredemo/pimcore/lib/Pimcore/Tool.php at line 607
2015-07-24T11:06:37+02:00 : Document_Tag_Translate used in /home/byng/Repos/pimcoredemo/pimcore/lib/Pimcore/Tool.php at line 607
2015-07-24T11:06:51+02:00 : Document_Tag_Translate used in /home/byng/Repos/pimcoredemo/pimcore/lib/Pimcore/Tool.php at line 607
2015-07-24T11:06:57+02:00 : Document_Tag_Translate used in /home/byng/Repos/pimcoredemo/pimcore/lib/Pimcore/Tool.php at line 607
2015-07-24T11:07:07+02:00 : Document_Tag_Translate used in /home/byng/Repos/pimcoredemo/pimcore/lib/Pimcore/Tool.php at line 607
2015-07-24T11:10:27+02:00 : Document_Tag_Translate used in /home/byng/Repos/pimcoredemo/pimcore/lib/Pimcore/Tool.php at line 607
2015-07-24T11:10:30+02:00 : Document_Tag_Translate used in /home/byng/Repos/pimcoredemo/pimcore/lib/Pimcore/Tool.php at line 607
2015-07-24T11:17:08+02:00 : Document_Tag_Translate used in /home/byng/Repos/pimcoredemo/pimcore/lib/Pimcore/Tool.php at line 607
2015-07-24T11:31:55+02:00 : Document_Tag_Layout used in /home/byng/Repos/pimcoredemo/pimcore/lib/Pimcore/Tool.php at line 607
2015-07-24T13:28:40+02:00 : Document_Tag_Layout used in /home/byng/Repos/pimcoredemo/pimcore/lib/Pimcore/Tool.php at line 607
2015-07-24T13:28:42+02:00 : Document_Tag_Layout used in /home/byng/Repos/pimcoredemo/pimcore/lib/Pimcore/Tool.php at line 607
2015-07-24T13:29:13+02:00 : Document_Tag_Layout used in /home/byng/Repos/pimcoredemo/pimcore/lib/Pimcore/Tool.php at line 607
2015-07-24T14:58:42+02:00 : Document_Tag_Layout used in /home/byng/Repos/pimcoredemo/pimcore/lib/Pimcore/Tool.php at line 607
2015-07-24T14:58:54+02:00 : Document_Tag_Layout used in /home/byng/Repos/pimcoredemo/pimcore/lib/Pimcore/Tool.php at line 607
2015-07-24T14:59:43+02:00 : Document_Tag_Layout used in /home/byng/Repos/pimcoredemo/pimcore/lib/Pimcore/Tool.php at line 607
2015-07-24T14:59:45+02:00 : Document_Tag_Layout used in /home/byng/Repos/pimcoredemo/pimcore/lib/Pimcore/Tool.php at line 607
2015-07-24T14:59:54+02:00 : Document_Tag_Layout used in /home/byng/Repos/pimcoredemo/pimcore/lib/Pimcore/Tool.php at line 607
2015-07-24T15:24:41+02:00 : Document_Tag_Layout used in /home/byng/Repos/pimcoredemo/pimcore/lib/Pimcore/Tool.php at line 607
2015-07-24T15:25:32+02:00 : Document_Tag_Translate used in /home/byng/Repos/pimcoredemo/pimcore/lib/Pimcore/Tool.php at line 607
2015-07-24T15:25:32+02:00 : Document_Tag_Translate used in /home/byng/Repos/pimcoredemo/pimcore/lib/Pimcore/Tool.php at line 607
2015-07-24T15:25:34+02:00 : Document_Tag_Layout used in /home/byng/Repos/pimcoredemo/pimcore/lib/Pimcore/Tool.php at line 607
2015-07-24T15:26:15+02:00 : Document_Tag_Layout used in /home/byng/Repos/pimcoredemo/pimcore/lib/Pimcore/Tool.php at line 607
2015-07-24T15:26:29+02:00 : Document_Tag_Layout used in /home/byng/Repos/pimcoredemo/pimcore/lib/Pimcore/Tool.php at line 607
2015-07-24T15:26:35+02:00 : Document_Tag_Layout used in /home/byng/Repos/pimcoredemo/pimcore/lib/Pimcore/Tool.php at line 607
2015-07-24T15:26:56+02:00 : Document_Tag_Layout used in /home/byng/Repos/pimcoredemo/pimcore/lib/Pimcore/Tool.php at line 607
2015-07-24T15:27:08+02:00 : Document_Tag_Layout used in /home/byng/Repos/pimcoredemo/pimcore/lib/Pimcore/Tool.php at line 607
2015-07-24T15:28:08+02:00 : Document_Tag_Layout used in /home/byng/Repos/pimcoredemo/pimcore/lib/Pimcore/Tool.php at line 607
2015-07-24T15:38:47+02:00 : Document_Tag_Layout used in /home/byng/Repos/pimcoredemo/pimcore/lib/Pimcore/Tool.php at line 607
2015-07-24T15:43:19+02:00 : Document_Tag_Layout used in /home/byng/Repos/pimcoredemo/pimcore/lib/Pimcore/Tool.php at line 607
2015-07-24T15:43:27+02:00 : Document_Tag_Layout used in /home/byng/Repos/pimcoredemo/pimcore/lib/Pimcore/Tool.php at line 607
2015-07-24T15:44:01+02:00 : Document_Tag_Layout used in /home/byng/Repos/pimcoredemo/pimcore/lib/Pimcore/Tool.php at line 607
2015-07-24T15:44:09+02:00 : Document_Tag_Layout used in /home/byng/Repos/pimcoredemo/pimcore/lib/Pimcore/Tool.php at line 607
2015-07-24T15:44:30+02:00 : Document_Tag_Layout used in /home/byng/Repos/pimcoredemo/pimcore/lib/Pimcore/Tool.php at line 607
2015-07-24T15:44:44+02:00 : Document_Tag_Layout used in /home/byng/Repos/pimcoredemo/pimcore/lib/Pimcore/Tool.php at line 607
2015-07-24T15:44:53+02:00 : Document_Tag_Layout used in /home/byng/Repos/pimcoredemo/pimcore/lib/Pimcore/Tool.php at line 607
2015-07-24T15:45:01+02:00 : Document_Tag_Layout used in /home/byng/Repos/pimcoredemo/pimcore/lib/Pimcore/Tool.php at line 607
2015-07-24T15:45:08+02:00 : Document_Tag_Layout used in /home/byng/Repos/pimcoredemo/pimcore/lib/Pimcore/Tool.php at line 607
2015-07-24T15:45:16+02:00 : Document_Tag_Layout used in /home/byng/Repos/pimcoredemo/pimcore/lib/Pimcore/Tool.php at line 607
2015-07-24T15:45:26+02:00 : Document_Tag_Layout used in /home/byng/Repos/pimcoredemo/pimcore/lib/Pimcore/Tool.php at line 607
2015-07-24T15:45:37+02:00 : Document_Tag_Layout used in /home/byng/Repos/pimcoredemo/pimcore/lib/Pimcore/Tool.php at line 607
2015-07-24T15:45:46+02:00 : Document_Tag_Layout used in /home/byng/Repos/pimcoredemo/pimcore/lib/Pimcore/Tool.php at line 607
2015-07-24T15:45:54+02:00 : Document_Tag_Layout used in /home/byng/Repos/pimcoredemo/pimcore/lib/Pimcore/Tool.php at line 607
2015-07-24T15:46:01+02:00 : Document_Tag_Layout used in /home/byng/Repos/pimcoredemo/pimcore/lib/Pimcore/Tool.php at line 607
2015-07-24T15:46:21+02:00 : Document_Tag_Layout used in /home/byng/Repos/pimcoredemo/pimcore/lib/Pimcore/Tool.php at line 607
2015-07-24T15:46:32+02:00 : Document_Tag_Layout used in /home/byng/Repos/pimcoredemo/pimcore/lib/Pimcore/Tool.php at line 607
2015-07-24T15:52:27+02:00 : Document_Tag_Layout used in /home/byng/Repos/pimcoredemo/pimcore/lib/Pimcore/Tool.php at line 607
2015-07-24T15:55:36+02:00 : Document_Tag_Layout used in /home/byng/Repos/pimcoredemo/pimcore/lib/Pimcore/Tool.php at line 607
2015-07-24T16:07:04+02:00 : Document_Tag_Layout used in /home/byng/Repos/pimcoredemo/pimcore/lib/Pimcore/Tool.php at line 607
2015-07-24T16:07:04+02:00 : Document_Tag_Translateadmin used in /home/byng/Repos/pimcoredemo/pimcore/lib/Pimcore/Tool.php at line 607
2015-07-24T16:07:15+02:00 : Document_Tag_Layout used in /home/byng/Repos/pimcoredemo/pimcore/lib/Pimcore/Tool.php at line 607
2015-07-24T16:07:15+02:00 : Document_Tag_Translateadmin used in /home/byng/Repos/pimcoredemo/pimcore/lib/Pimcore/Tool.php at line 607
2015-07-24T16:09:12+02:00 : Document_Tag_Layout used in /home/byng/Repos/pimcoredemo/pimcore/lib/Pimcore/Tool.php at line 607
2015-07-24T16:09:25+02:00 : Document_Tag_Layout used in /home/byng/Repos/pimcoredemo/pimcore/lib/Pimcore/Tool.php at line 607
2015-07-24T16:09:25+02:00 : Document_Tag_Translateadmin used in /home/byng/Repos/pimcoredemo/pimcore/lib/Pimcore/Tool.php at line 607
2015-07-24T16:09:30+02:00 : Document_Tag_Layout used in /home/byng/Repos/pimcoredemo/pimcore/lib/Pimcore/Tool.php at line 607
2015-07-24T16:09:30+02:00 : Document_Tag_Translateadmin used in /home/byng/Repos/pimcoredemo/pimcore/lib/Pimcore/Tool.php at line 607
2015-07-24T16:11:30+02:00 : Document_Tag_Layout used in /home/byng/Repos/pimcoredemo/pimcore/lib/Pimcore/Tool.php at line 607
2015-07-24T16:12:00+02:00 : Document_Tag_Layout used in /home/byng/Repos/pimcoredemo/pimcore/lib/Pimcore/Tool.php at line 607
2015-07-24T16:12:00+02:00 : Document_Tag_Translateadmin used in /home/byng/Repos/pimcoredemo/pimcore/lib/Pimcore/Tool.php at line 607
2015-07-24T16:12:09+02:00 : Document_Tag_Layout used in /home/byng/Repos/pimcoredemo/pimcore/lib/Pimcore/Tool.php at line 607
2015-07-24T16:12:09+02:00 : Document_Tag_Translateadmin used in /home/byng/Repos/pimcoredemo/pimcore/lib/Pimcore/Tool.php at line 607
2015-07-24T16:14:15+02:00 : Document_Tag_Layout used in /home/byng/Repos/pimcoredemo/pimcore/lib/Pimcore/Tool.php at line 607
2015-07-24T16:14:15+02:00 : Document_Tag_Translateadmin used in /home/byng/Repos/pimcoredemo/pimcore/lib/Pimcore/Tool.php at line 607
2015-07-24T16:17:00+02:00 : Document_Tag_Layout used in /home/byng/Repos/pimcoredemo/pimcore/lib/Pimcore/Tool.php at line 607
2015-07-24T17:12:12+02:00 : Document_Tag_Layout used in /home/byng/Repos/pimcoredemo/pimcore/lib/Pimcore/Tool.php at line 607
2015-07-24T17:12:12+02:00 : Document_Tag_Translateadmin used in /home/byng/Repos/pimcoredemo/pimcore/lib/Pimcore/Tool.php at line 607
2015-07-24T17:18:29+02:00 : Document_Tag_Layout used in /home/byng/Repos/pimcoredemo/pimcore/lib/Pimcore/Tool.php at line 607
2015-07-24T17:18:29+02:00 : Document_Tag_Translateadmin used in /home/byng/Repos/pimcoredemo/pimcore/lib/Pimcore/Tool.php at line 607
2015-07-24T17:18:40+02:00 : Document_Tag_Layout used in /home/byng/Repos/pimcoredemo/pimcore/lib/Pimcore/Tool.php at line 607
2015-07-24T17:23:31+02:00 : Document_Tag_Layout used in /home/byng/Repos/pimcoredemo/pimcore/lib/Pimcore/Tool.php at line 607
2015-07-24T17:23:31+02:00 : Document_Tag_Translateadmin used in /home/byng/Repos/pimcoredemo/pimcore/lib/Pimcore/Tool.php at line 607
2015-07-24T17:25:49+02:00 : Document_Tag_Layout used in /home/byng/Repos/pimcoredemo/pimcore/lib/Pimcore/Tool.php at line 607
2015-07-24T17:25:49+02:00 : Document_Tag_Translateadmin used in /home/byng/Repos/pimcoredemo/pimcore/lib/Pimcore/Tool.php at line 607
2015-07-24T17:25:51+02:00 : Document_Tag_Layout used in /home/byng/Repos/pimcoredemo/pimcore/lib/Pimcore/Tool.php at line 607
2015-07-24T17:25:51+02:00 : Document_Tag_Translateadmin used in /home/byng/Repos/pimcoredemo/pimcore/lib/Pimcore/Tool.php at line 607
2015-07-24T17:25:52+02:00 : Document_Tag_Layout used in /home/byng/Repos/pimcoredemo/pimcore/lib/Pimcore/Tool.php at line 607
2015-07-24T17:25:52+02:00 : Document_Tag_Translateadmin used in /home/byng/Repos/pimcoredemo/pimcore/lib/Pimcore/Tool.php at line 607
2015-07-24T17:25:52+02:00 : Document_Tag_Layout used in /home/byng/Repos/pimcoredemo/pimcore/lib/Pimcore/Tool.php at line 607
2015-07-24T17:25:52+02:00 : Document_Tag_Translateadmin used in /home/byng/Repos/pimcoredemo/pimcore/lib/Pimcore/Tool.php at line 607
2015-07-24T17:25:52+02:00 : Document_Tag_Layout used in /home/byng/Repos/pimcoredemo/pimcore/lib/Pimcore/Tool.php at line 607
2015-07-24T17:25:52+02:00 : Document_Tag_Translateadmin used in /home/byng/Repos/pimcoredemo/pimcore/lib/Pimcore/Tool.php at line 607
2015-07-24T17:25:52+02:00 : Document_Tag_Layout used in /home/byng/Repos/pimcoredemo/pimcore/lib/Pimcore/Tool.php at line 607
2015-07-24T17:25:52+02:00 : Document_Tag_Translateadmin used in /home/byng/Repos/pimcoredemo/pimcore/lib/Pimcore/Tool.php at line 607
2015-07-24T17:26:06+02:00 : Document_Tag_Layout used in /home/byng/Repos/pimcoredemo/pimcore/lib/Pimcore/Tool.php at line 607
2015-07-24T17:26:06+02:00 : Document_Tag_Translateadmin used in /home/byng/Repos/pimcoredemo/pimcore/lib/Pimcore/Tool.php at line 607
2015-07-24T17:27:20+02:00 : Document_Tag_Layout used in /home/byng/Repos/pimcoredemo/pimcore/lib/Pimcore/Tool.php at line 607
2015-07-24T17:27:20+02:00 : Document_Tag_Translateadmin used in /home/byng/Repos/pimcoredemo/pimcore/lib/Pimcore/Tool.php at line 607
2015-07-24T17:37:19+02:00 : Document_Tag_Layout used in /home/byng/Repos/pimcoredemo/pimcore/lib/Pimcore/Tool.php at line 607
2015-07-24T17:37:19+02:00 : Document_Tag_Translateadmin used in /home/byng/Repos/pimcoredemo/pimcore/lib/Pimcore/Tool.php at line 607
2015-07-24T17:40:02+02:00 : Document_Tag_Layout used in /home/byng/Repos/pimcoredemo/pimcore/lib/Pimcore/Tool.php at line 607
2015-07-24T17:40:02+02:00 : Document_Tag_Translateadmin used in /home/byng/Repos/pimcoredemo/pimcore/lib/Pimcore/Tool.php at line 607
2015-07-24T17:43:16+02:00 : Document_Tag_Layout used in /home/byng/Repos/pimcoredemo/pimcore/lib/Pimcore/Tool.php at line 607
2015-07-24T17:43:16+02:00 : Document_Tag_Translateadmin used in /home/byng/Repos/pimcoredemo/pimcore/lib/Pimcore/Tool.php at line 607
2015-07-24T17:56:44+02:00 : Document_Tag_Layout used in /home/byng/Repos/pimcoredemo/pimcore/lib/Pimcore/Tool.php at line 607
2015-07-24T17:56:44+02:00 : Document_Tag_Translateadmin used in /home/byng/Repos/pimcoredemo/pimcore/lib/Pimcore/Tool.php at line 607
2015-07-24T18:07:43+02:00 : Document_Tag_Layout used in /home/byng/Repos/pimcoredemo/pimcore/lib/Pimcore/Tool.php at line 607
2015-07-24T18:07:43+02:00 : Document_Tag_Translateadmin used in /home/byng/Repos/pimcoredemo/pimcore/lib/Pimcore/Tool.php at line 607
2015-07-24T18:08:05+02:00 : Document_Tag_Layout used in /home/byng/Repos/pimcoredemo/pimcore/lib/Pimcore/Tool.php at line 607
2015-07-24T18:13:46+02:00 : Document_Tag_Layout used in /home/byng/Repos/pimcoredemo/pimcore/lib/Pimcore/Tool.php at line 607
2015-07-24T18:13:46+02:00 : Document_Tag_Translateadmin used in /home/byng/Repos/pimcoredemo/pimcore/lib/Pimcore/Tool.php at line 607
2015-07-24T18:15:58+02:00 : Document_Tag_Layout used in /home/byng/Repos/pimcoredemo/pimcore/lib/Pimcore/Tool.php at line 607
2015-07-24T18:15:58+02:00 : Document_Tag_Translateadmin used in /home/byng/Repos/pimcoredemo/pimcore/lib/Pimcore/Tool.php at line 607
2015-07-24T18:17:29+02:00 : Document_Tag_Layout used in /home/byng/Repos/pimcoredemo/pimcore/lib/Pimcore/Tool.php at line 607
2015-07-24T18:17:29+02:00 : Document_Tag_Translateadmin used in /home/byng/Repos/pimcoredemo/pimcore/lib/Pimcore/Tool.php at line 607
2015-07-24T18:17:36+02:00 : Document_Tag_Layout used in /home/byng/Repos/pimcoredemo/pimcore/lib/Pimcore/Tool.php at line 607
2015-07-24T18:17:36+02:00 : Document_Tag_Translateadmin used in /home/byng/Repos/pimcoredemo/pimcore/lib/Pimcore/Tool.php at line 607
2015-07-24T18:17:48+02:00 : Document_Tag_Layout used in /home/byng/Repos/pimcoredemo/pimcore/lib/Pimcore/Tool.php at line 607
2015-07-24T18:20:29+02:00 : Document_Tag_Layout used in /home/byng/Repos/pimcoredemo/pimcore/lib/Pimcore/Tool.php at line 607
2015-07-24T18:20:29+02:00 : Document_Tag_Translateadmin used in /home/byng/Repos/pimcoredemo/pimcore/lib/Pimcore/Tool.php at line 607
2015-07-24T18:20:33+02:00 : Document_Tag_Layout used in /home/byng/Repos/pimcoredemo/pimcore/lib/Pimcore/Tool.php at line 607
2015-07-24T18:20:33+02:00 : Document_Tag_Translateadmin used in /home/byng/Repos/pimcoredemo/pimcore/lib/Pimcore/Tool.php at line 607
2015-07-24T18:27:46+02:00 : Document_Tag_Layout used in /home/byng/Repos/pimcoredemo/pimcore/lib/Pimcore/Tool.php at line 607
2015-07-24T18:27:46+02:00 : Document_Tag_Translateadmin used in /home/byng/Repos/pimcoredemo/pimcore/lib/Pimcore/Tool.php at line 607
2015-07-24T18:30:04+02:00 : Document_Tag_Layout used in /home/byng/Repos/pimcoredemo/pimcore/lib/Pimcore/Tool.php at line 607
2015-07-24T18:30:04+02:00 : Document_Tag_Translateadmin used in /home/byng/Repos/pimcoredemo/pimcore/lib/Pimcore/Tool.php at line 607
2015-07-24T18:30:33+02:00 : Document_Tag_Layout used in /home/byng/Repos/pimcoredemo/pimcore/lib/Pimcore/Tool.php at line 607
2015-07-24T18:30:33+02:00 : Document_Tag_Translateadmin used in /home/byng/Repos/pimcoredemo/pimcore/lib/Pimcore/Tool.php at line 607
2015-07-24T18:31:04+02:00 : Document_Tag_Translate used in /home/byng/Repos/pimcoredemo/pimcore/lib/Pimcore/Tool.php at line 607
2015-07-24T18:31:06+02:00 : Document_Tag_Translate used in /home/byng/Repos/pimcoredemo/pimcore/lib/Pimcore/Tool.php at line 607
2015-07-24T18:31:07+02:00 : Document_Tag_Layout used in /home/byng/Repos/pimcoredemo/pimcore/lib/Pimcore/Tool.php at line 607
2015-07-24T18:31:07+02:00 : Document_Tag_Translateadmin used in /home/byng/Repos/pimcoredemo/pimcore/lib/Pimcore/Tool.php at line 607
2015-07-27T10:18:07+02:00 : Document_Tag_Translate used in /home/byng/Repos/pimcoredemo/pimcore/lib/Pimcore/Tool.php at line 607
2015-07-27T10:18:09+02:00 : Document_Tag_Translate used in /home/byng/Repos/pimcoredemo/pimcore/lib/Pimcore/Tool.php at line 607
2015-07-27T10:18:13+02:00 : Document_Tag_Translate used in /home/byng/Repos/pimcoredemo/pimcore/lib/Pimcore/Tool.php at line 607
2015-07-27T10:18:43+02:00 : Document_Tag_Layout used in /home/byng/Repos/pimcoredemo/pimcore/lib/Pimcore/Tool.php at line 607
2015-07-27T10:18:43+02:00 : Document_Tag_Translateadmin used in /home/byng/Repos/pimcoredemo/pimcore/lib/Pimcore/Tool.php at line 607
2015-07-27T10:18:48+02:00 : Document_Tag_Layout used in /home/byng/Repos/pimcoredemo/pimcore/lib/Pimcore/Tool.php at line 607
2015-07-27T10:18:48+02:00 : Document_Tag_Translateadmin used in /home/byng/Repos/pimcoredemo/pimcore/lib/Pimcore/Tool.php at line 607
2015-07-27T10:46:12+02:00 : Document_Tag_Layout used in /home/byng/Repos/pimcoredemo/pimcore/lib/Pimcore/Tool.php at line 607
2015-07-27T10:46:12+02:00 : Document_Tag_Translateadmin used in /home/byng/Repos/pimcoredemo/pimcore/lib/Pimcore/Tool.php at line 607
2015-07-27T10:47:48+02:00 : Document_Tag_Translateadmin used in /home/byng/Repos/pimcoredemo/pimcore/lib/Pimcore/Tool.php at line 607
2015-07-27T10:48:44+02:00 : Document_Tag_Translateadmin used in /home/byng/Repos/pimcoredemo/pimcore/lib/Pimcore/Tool.php at line 607
2015-07-27T10:48:44+02:00 : Document_Tag_Layout used in /home/byng/Repos/pimcoredemo/pimcore/lib/Pimcore/Tool.php at line 607
2015-07-27T10:48:51+02:00 : Document_Tag_Layout used in /home/byng/Repos/pimcoredemo/pimcore/lib/Pimcore/Tool.php at line 607
2015-07-27T10:48:54+02:00 : Document_Tag_Action used in /home/byng/Repos/pimcoredemo/pimcore/lib/Pimcore/Tool.php at line 607
2015-07-27T10:48:54+02:00 : Document_Tag_Layout used in /home/byng/Repos/pimcoredemo/pimcore/lib/Pimcore/Tool.php at line 607
2015-07-27T10:52:12+02:00 : Document_Tag_Translateadmin used in /home/byng/Repos/pimcoredemo/pimcore/lib/Pimcore/Tool.php at line 607
2015-07-27T10:52:12+02:00 : Document_Tag_Layout used in /home/byng/Repos/pimcoredemo/pimcore/lib/Pimcore/Tool.php at line 607
2015-07-27T10:52:12+02:00 : Document_Tag_Layout used in /home/byng/Repos/pimcoredemo/pimcore/lib/Pimcore/Tool.php at line 607
2015-07-27T10:57:02+02:00 : Document_Tag_Translateadmin used in /home/byng/Repos/pimcoredemo/pimcore/lib/Pimcore/Tool.php at line 607
2015-07-27T10:57:02+02:00 : Document_Tag_Layout used in /home/byng/Repos/pimcoredemo/pimcore/lib/Pimcore/Tool.php at line 607
2015-07-27T11:19:04+02:00 : Document_Tag_Translateadmin used in /home/byng/Repos/pimcoredemo/pimcore/lib/Pimcore/Tool.php at line 607
2015-07-27T11:19:04+02:00 : Document_Tag_Layout used in /home/byng/Repos/pimcoredemo/pimcore/lib/Pimcore/Tool.php at line 607
2015-07-27T11:19:05+02:00 : Document_Tag_Layout used in /home/byng/Repos/pimcoredemo/pimcore/lib/Pimcore/Tool.php at line 607
2015-07-27T11:19:19+02:00 : Document_Tag_Layout used in /home/byng/Repos/pimcoredemo/pimcore/lib/Pimcore/Tool.php at line 607
2015-07-27T11:19:26+02:00 : Document_Tag_Layout used in /home/byng/Repos/pimcoredemo/pimcore/lib/Pimcore/Tool.php at line 607
2015-07-27T11:27:02+02:00 : Document_Tag_Translateadmin used in /home/byng/Repos/pimcoredemo/pimcore/lib/Pimcore/Tool.php at line 607
2015-07-27T11:27:02+02:00 : Document_Tag_Layout used in /home/byng/Repos/pimcoredemo/pimcore/lib/Pimcore/Tool.php at line 607
2015-07-27T11:27:02+02:00 : Document_Tag_Layout used in /home/byng/Repos/pimcoredemo/pimcore/lib/Pimcore/Tool.php at line 607
2015-07-27T11:28:58+02:00 : Document_Tag_Translateadmin used in /home/byng/Repos/pimcoredemo/pimcore/lib/Pimcore/Tool.php at line 607
2015-07-27T11:28:58+02:00 : Document_Tag_Layout used in /home/byng/Repos/pimcoredemo/pimcore/lib/Pimcore/Tool.php at line 607
2015-07-27T11:28:58+02:00 : Document_Tag_Layout used in /home/byng/Repos/pimcoredemo/pimcore/lib/Pimcore/Tool.php at line 607
2015-07-27T11:29:33+02:00 : Document_Tag_Translateadmin used in /home/byng/Repos/pimcoredemo/pimcore/lib/Pimcore/Tool.php at line 607
2015-07-27T11:29:33+02:00 : Document_Tag_Layout used in /home/byng/Repos/pimcoredemo/pimcore/lib/Pimcore/Tool.php at line 607
2015-07-27T11:29:33+02:00 : Document_Tag_Layout used in /home/byng/Repos/pimcoredemo/pimcore/lib/Pimcore/Tool.php at line 607
2015-07-27T11:29:52+02:00 : Document_Tag_Translateadmin used in /home/byng/Repos/pimcoredemo/pimcore/lib/Pimcore/Tool.php at line 607
2015-07-27T11:29:52+02:00 : Document_Tag_Layout used in /home/byng/Repos/pimcoredemo/pimcore/lib/Pimcore/Tool.php at line 607
2015-07-27T11:29:52+02:00 : Document_Tag_Layout used in /home/byng/Repos/pimcoredemo/pimcore/lib/Pimcore/Tool.php at line 607
2015-07-27T11:30:23+02:00 : Document_Tag_Translateadmin used in /home/byng/Repos/pimcoredemo/pimcore/lib/Pimcore/Tool.php at line 607
2015-07-27T11:30:23+02:00 : Document_Tag_Layout used in /home/byng/Repos/pimcoredemo/pimcore/lib/Pimcore/Tool.php at line 607
2015-07-27T11:30:23+02:00 : Document_Tag_Layout used in /home/byng/Repos/pimcoredemo/pimcore/lib/Pimcore/Tool.php at line 607
2015-07-27T11:32:59+02:00 : Document_Tag_Layout used in /home/byng/Repos/pimcoredemo/pimcore/lib/Pimcore/Tool.php at line 607
2015-07-27T11:33:03+02:00 : Document_Tag_Layout used in /home/byng/Repos/pimcoredemo/pimcore/lib/Pimcore/Tool.php at line 607
2015-07-27T11:34:30+02:00 : Document_Tag_Translateadmin used in /home/byng/Repos/pimcoredemo/pimcore/lib/Pimcore/Tool.php at line 607
2015-07-27T11:34:30+02:00 : Document_Tag_Layout used in /home/byng/Repos/pimcoredemo/pimcore/lib/Pimcore/Tool.php at line 607
2015-07-27T11:34:31+02:00 : Document_Tag_Layout used in /home/byng/Repos/pimcoredemo/pimcore/lib/Pimcore/Tool.php at line 607
2015-07-27T11:34:34+02:00 : Document_Tag_Translateadmin used in /home/byng/Repos/pimcoredemo/pimcore/lib/Pimcore/Tool.php at line 607
2015-07-27T11:34:34+02:00 : Document_Tag_Layout used in /home/byng/Repos/pimcoredemo/pimcore/lib/Pimcore/Tool.php at line 607
2015-07-27T11:34:34+02:00 : Document_Tag_Layout used in /home/byng/Repos/pimcoredemo/pimcore/lib/Pimcore/Tool.php at line 607
2015-07-27T11:34:36+02:00 : Document_Tag_Translateadmin used in /home/byng/Repos/pimcoredemo/pimcore/lib/Pimcore/Tool.php at line 607
2015-07-27T11:34:36+02:00 : Document_Tag_Layout used in /home/byng/Repos/pimcoredemo/pimcore/lib/Pimcore/Tool.php at line 607
2015-07-27T11:34:36+02:00 : Document_Tag_Layout used in /home/byng/Repos/pimcoredemo/pimcore/lib/Pimcore/Tool.php at line 607
2015-07-27T12:04:00+02:00 : Document_Tag_Translate used in /home/byng/Repos/pimcoredemo/pimcore/lib/Pimcore/Tool.php at line 607
2015-07-27T12:04:09+02:00 : Document_Tag_Translate used in /home/byng/Repos/pimcoredemo/pimcore/lib/Pimcore/Tool.php at line 607
2015-07-27T12:04:16+02:00 : Document_Tag_Translate used in /home/byng/Repos/pimcoredemo/pimcore/lib/Pimcore/Tool.php at line 607
2015-07-27T12:04:17+02:00 : Document_Tag_Translate used in /home/byng/Repos/pimcoredemo/pimcore/lib/Pimcore/Tool.php at line 607
2015-07-27T12:04:18+02:00 : Document_Tag_Translate used in /home/byng/Repos/pimcoredemo/pimcore/lib/Pimcore/Tool.php at line 607
2015-07-27T12:07:52+02:00 : Document_Tag_Translateadmin used in /home/byng/Repos/pimcoredemo/pimcore/lib/Pimcore/Tool.php at line 607
2015-07-27T12:07:52+02:00 : Document_Tag_Layout used in /home/byng/Repos/pimcoredemo/pimcore/lib/Pimcore/Tool.php at line 607
2015-07-27T12:07:53+02:00 : Document_Tag_Layout used in /home/byng/Repos/pimcoredemo/pimcore/lib/Pimcore/Tool.php at line 607
2015-07-31T13:58:59+02:00 : Document_Tag_Layout used in /home/byng/Repos/pimcoredemo/pimcore/lib/Pimcore/Tool.php at line 607
2015-07-31T13:59:19+02:00 : Document_Tag_Layout used in /home/byng/Repos/pimcoredemo/pimcore/lib/Pimcore/Tool.php at line 607
2015-07-31T13:59:29+02:00 : Document_Tag_Translate used in /home/byng/Repos/pimcoredemo/pimcore/lib/Pimcore/Tool.php at line 607
2015-07-31T13:59:33+02:00 : Document_Tag_Translate used in /home/byng/Repos/pimcoredemo/pimcore/lib/Pimcore/Tool.php at line 607
2015-07-31T13:59:34+02:00 : Document_Tag_Translate used in /home/byng/Repos/pimcoredemo/pimcore/lib/Pimcore/Tool.php at line 607
2015-07-31T13:59:46+02:00 : Document_Tag_Translateadmin used in /home/byng/Repos/pimcoredemo/pimcore/lib/Pimcore/Tool.php at line 607
2015-07-31T13:59:46+02:00 : Document_Tag_Layout used in /home/byng/Repos/pimcoredemo/pimcore/lib/Pimcore/Tool.php at line 607
2015-07-31T13:59:47+02:00 : Document_Tag_Layout used in /home/byng/Repos/pimcoredemo/pimcore/lib/Pimcore/Tool.php at line 607
